PRT1
219
640
4 0 2 (2048 4096 -2016 ) (2048 4096 2048 ) (2048 4144 2048 ) (2048 4144 -2016 ) 
4 0 1 (3072 4096 -2016 ) (3072 4096 2048 ) (2048 4096 2048 ) (2048 4096 -2016 ) 
4 1 8 (3072 3072 -2016 ) (3072 3072 2048 ) (2048 3072 2048 ) (2048 3072 -2016 ) 
4 1 3 (2048 3072 -2016 ) (2048 3072 2048 ) (2048 4096 2048 ) (2048 4096 -2016 ) 
4 2 4 (1024 4096 -2016 ) (1024 4096 2048 ) (1024 4144 2048 ) (1024 4144 -2016 ) 
4 2 3 (2048 4096 -2016 ) (2048 4096 2048 ) (1024 4096 2048 ) (1024 4096 -2016 ) 
4 3 12 (2048 3072 -2016 ) (2048 3072 2048 ) (1024 3072 2048 ) (1024 3072 -2016 ) 
4 3 6 (1024 3072 -2016 ) (1024 3072 2048 ) (1024 4096 2048 ) (1024 4096 -2016 ) 
4 4 6 (1024 4096 -2016 ) (1024 4096 2048 ) (0 4096 2048 ) (0 4096 -2016 ) 
4 4 5 (0 4096 -2016 ) (0 4096 2048 ) (0 4144 2048 ) (0 4144 -2016 ) 
4 5 44 (-1024 4096 -2016 ) (-1024 4096 2048 ) (-1024 4144 2048 ) (-1024 4144 -2016 ) 
4 5 7 (0 4096 -2016 ) (0 4096 2048 ) (-1024 4096 2048 ) (-1024 4096 -2016 ) 
4 6 14 (1024 3072 -2016 ) (1024 3072 2048 ) (0 3072 2048 ) (0 3072 -2016 ) 
4 6 7 (0 4096 2048 ) (0 4096 -2016 ) (0 3072 -2016 ) (0 3072 2048 ) 
4 7 45 (-1024 3072 -2016 ) (-1024 3072 2048 ) (-1024 4096 2048 ) (-1024 4096 -2016 ) 
4 7 16 (0 3072 -2016 ) (0 3072 -512 ) (-1024 3072 -512 ) (-1024 3072 -2016 ) 
4 7 15 (0 3072 -512 ) (0 3072 2048 ) (-1024 3072 2048 ) (-1024 3072 -512 ) 
4 8 12 (2048 3072 2048 ) (2048 3072 -2016 ) (2048 2048 -2016 ) (2048 2048 2048 ) 
4 8 9 (3072 2048 -2016 ) (3072 2048 2048 ) (2048 2048 2048 ) (2048 2048 -2016 ) 
4 9 13 (2048 1024 -2016 ) (2048 1024 2048 ) (2048 2048 2048 ) (2048 2048 -2016 ) 
4 9 10 (3072 1024 -2016 ) (3072 1024 2048 ) (2048 1024 2048 ) (2048 1024 -2016 ) 
4 10 22 (2048 0 -2016 ) (2048 0 2048 ) (2048 1024 2048 ) (2048 1024 -2016 ) 
4 10 11 (3072 0 -2016 ) (3072 0 2048 ) (2048 0 2048 ) (2048 0 -2016 ) 
4 11 88 (3072 -1024 -2016 ) (3072 -1024 2048 ) (2048 -1024 2048 ) (2048 -1024 -2016 ) 
4 11 23 (2048 -1024 -2016 ) (2048 -1024 2048 ) (2048 0 2048 ) (2048 0 -2016 ) 
4 12 14 (1024 3072 2048 ) (1024 3072 -2016 ) (1024 2048 -2016 ) (1024 2048 2048 ) 
4 12 13 (2048 2048 -2016 ) (2048 2048 2048 ) (1024 2048 2048 ) (1024 2048 -2016 ) 
4 13 22 (2048 1024 -2016 ) (2048 1024 2048 ) (1024 1024 2048 ) (1024 1024 -2016 ) 
4 13 18 (1024 1024 -2016 ) (1024 1024 2048 ) (1024 2048 2048 ) (1024 2048 -2016 ) 
4 14 18 (1024 2048 -2016 ) (1024 2048 2048 ) (0 2048 2048 ) (0 2048 -2016 ) 
4 14 17 (0 2080 -2016 ) (0 2048 -2016 ) (0 2048 -512 ) (0 2080 -512 ) 
4 14 16 (0 3072 -512 ) (0 3072 -2016 ) (0 2080 -2016 ) (0 2080 -512 ) 
4 14 15 (0 3072 2048 ) (0 3072 -512 ) (0 2048 -512 ) (0 2048 2048 ) 
4 15 52 (-1024 2048 -512 ) (-1024 2048 2048 ) (-1024 3072 2048 ) (-1024 3072 -512 ) 
4 15 19 (0 2048 -512 ) (0 2048 2048 ) (-1024 2048 2048 ) (-1024 2048 -512 ) 
4 15 17 (0 2048 -512 ) (-736 2048 -512 ) (-768 2080 -512 ) (0 2080 -512 ) 
4 15 16 (-1024 2080 -512 ) (-1024 3072 -512 ) (0 3072 -512 ) (0 2080 -512 ) 
4 16 53 (-1024 2080 -512 ) (-1024 3072 -512 ) (-1024 3072 -2016 ) (-1024 2080 -2016 ) 
4 16 17 (-768 2080 -2016 ) (0 2080 -2016 ) (0 2080 -512 ) (-768 2080 -512 ) 
4 17 20 (0 2048 -2016 ) (0 2048 -512 ) (-736 2048 -512 ) (-736 2048 -2016 ) 
4 18 24 (1024 1024 -2016 ) (1024 1024 2048 ) (0 1024 2048 ) (0 1024 -2016 ) 
4 18 20 (0 2048 -512 ) (0 2048 -2016 ) (0 1888 -2016 ) (0 1888 -512 ) 
4 18 21 (0 1888 -2016 ) (0 1024 -2016 ) (0 1024 -512 ) (0 1888 -512 ) 
4 18 19 (0 2048 2048 ) (0 2048 -512 ) (0 1024 -512 ) (0 1024 2048 ) 
4 19 55 (-1024 1024 -512 ) (-1024 1024 2048 ) (-1024 2048 2048 ) (-1024 2048 -512 ) 
4 19 25 (0 1024 -512 ) (0 1024 2048 ) (-1024 1024 2048 ) (-1024 1024 -512 ) 
4 19 20 (-736 2048 -512 ) (0 2048 -512 ) (0 1888 -512 ) (-576 1888 -512 ) 
4 19 21 (0 1024 -512 ) (-1024 1024 -512 ) (-1024 1888 -512 ) (0 1888 -512 ) 
4 20 21 (-576 1888 -2016 ) (0 1888 -2016 ) (0 1888 -512 ) (-576 1888 -512 ) 
4 21 57 (-1024 1024 -2016 ) (-1024 1024 -512 ) (-1024 1888 -512 ) (-1024 1888 -2016 ) 
4 21 27 (-768 1024 -768 ) (-1024 1024 -768 ) (-1024 1024 -2016 ) (-768 1024 -2016 ) 
4 21 26 (0 1024 -2016 ) (0 1024 -768 ) (-768 1024 -768 ) (-768 1024 -2016 ) 
4 21 25 (0 1024 -768 ) (0 1024 -512 ) (-1024 1024 -512 ) (-1024 1024 -768 ) 
4 22 24 (1024 1024 2048 ) (1024 1024 -2016 ) (1024 0 -2016 ) (1024 0 2048 ) 
4 22 23 (2048 0 -2016 ) (2048 0 2048 ) (1024 0 2048 ) (1024 0 -2016 ) 
4 23 92 (2048 -1024 -2016 ) (2048 -1024 2048 ) (1024 -1024 2048 ) (1024 -1024 -2016 ) 
4 23 32 (1024 -1024 -2016 ) (1024 -1024 -480 ) (1024 0 -480 ) (1024 0 -2016 ) 
4 23 28 (1024 -1024 -480 ) (1024 -1024 2048 ) (1024 0 2048 ) (1024 0 -480 ) 
4 24 32 (1024 0 -2016 ) (1024 0 -480 ) (0 0 -480 ) (0 0 -2016 ) 
4 24 30 (480 0 -96 ) (480 0 -480 ) (672 0 -480 ) (672 0 -96 ) 
4 24 29 (672 0 2048 ) (480 0 2048 ) (480 0 -96 ) (672 0 -96 ) 
4 24 28 (1024 0 -480 ) (1024 0 2048 ) (672 0 2048 ) (672 0 -480 ) 
4 24 31 (480 0 2048 ) (0 0 2048 ) (0 0 -480 ) (480 0 -480 ) 
4 24 26 (0 1024 -768 ) (0 1024 -2016 ) (0 0 -2016 ) (0 0 -768 ) 
4 24 25 (0 1024 2048 ) (0 1024 -768 ) (0 0 -768 ) (0 0 2048 ) 
4 25 62 (-1024 0 -768 ) (-1024 0 2048 ) (-1024 1024 2048 ) (-1024 1024 -768 ) 
4 25 41 (0 0 -768 ) (0 0 -672 ) (-1024 0 -672 ) (-1024 0 -768 ) 
4 25 36 (0 0 -672 ) (0 0 -664 ) (-96 0 -664 ) (-96 0 -672 ) 
4 25 34 (-96 0 -664 ) (-1024 0 -664 ) (-1024 0 -672 ) (-96 0 -672 ) 
4 25 33 (0 0 -664 ) (0 0 2048 ) (-1024 0 2048 ) (-1024 0 -664 ) 
4 25 27 (-1024 736 -768 ) (-1024 1024 -768 ) (-768 1024 -768 ) (-768 736 -768 ) 
5 25 26 (0 0 -768 ) (-608 0 -768 ) (-768 160 -768 ) (-768 1024 -768 ) (0 1024 -768 ) 
4 26 42 (0 0 -2016 ) (0 0 -768 ) (-608 0 -768 ) (-608 0 -2016 ) 
4 26 27 (-768 1024 -2016 ) (-768 736 -2016 ) (-768 736 -768 ) (-768 1024 -768 ) 
4 27 63 (-1024 736 -768 ) (-1024 1024 -768 ) (-1024 1024 -2016 ) (-1024 736 -2016 ) 
4 28 94 (1024 -1024 -480 ) (1024 -1024 2048 ) (672 -1024 2048 ) (672 -1024 -480 ) 
4 28 32 (672 0 -480 ) (1024 0 -480 ) (1024 -1024 -480 ) (672 -1024 -480 ) 
4 28 30 (672 0 -480 ) (672 -800 -480 ) (672 -800 -96 ) (672 0 -96 ) 
4 28 29 (672 -1024 -96 ) (672 -1024 2048 ) (672 0 2048 ) (672 0 -96 ) 
4 29 95 (672 -1024 2048 ) (480 -1024 2048 ) (480 -1024 -96 ) (672 -1024 -96 ) 
4 29 30 (480 -992 -96 ) (480 0 -96 ) (672 0 -96 ) (672 -800 -96 ) 
4 29 31 (480 -1024 -96 ) (480 -1024 2048 ) (480 0 2048 ) (480 0 -96 ) 
4 30 32 (480 0 -480 ) (672 0 -480 ) (672 -800 -480 ) (480 -992 -480 ) 
4 30 31 (480 0 -480 ) (480 -992 -480 ) (480 -992 -96 ) (480 0 -96 ) 
4 31 97 (480 -1024 2048 ) (0 -1024 2048 ) (0 -1024 -480 ) (480 -1024 -480 ) 
4 31 33 (0 0 2048 ) (0 0 -480 ) (0 -1024 -480 ) (0 -1024 2048 ) 
4 31 32 (0 0 -480 ) (480 0 -480 ) (480 -1024 -480 ) (0 -1024 -480 ) 
4 32 98 (1024 -1024 -2016 ) (1024 -1024 -480 ) (0 -1024 -480 ) (0 -1024 -2016 ) 
4 32 42 (0 0 -768 ) (0 0 -2016 ) (0 -32 -2016 ) (0 -32 -768 ) 
4 32 41 (0 0 -672 ) (0 0 -768 ) (0 -32 -768 ) (0 -32 -672 ) 
4 32 43 (0 -32 -2016 ) (0 -1024 -2016 ) (0 -1024 -672 ) (0 -32 -672 ) 
4 32 38 (0 -736 -672 ) (0 -1024 -672 ) (0 -1024 -664 ) (0 -736 -664 ) 
4 32 36 (0 0 -664 ) (0 0 -672 ) (0 -736 -672 ) (0 -736 -664 ) 
4 32 33 (0 0 -480 ) (0 0 -664 ) (0 -1024 -664 ) (0 -1024 -480 ) 
4 33 99 (0 -1024 -664 ) (0 -1024 2048 ) (-1024 -1024 2048 ) (-1024 -1024 -664 ) 
4 33 65 (-1024 -1024 -664 ) (-1024 -1024 2048 ) (-1024 0 2048 ) (-1024 0 -664 ) 
4 33 40 (-832 -1024 -664 ) (-1024 -1024 -664 ) (-1024 -928 -664 ) (-832 -736 -664 ) 
4 33 39 (-352 -1024 -664 ) (-832 -1024 -664 ) (-832 -736 -664 ) (-640 -736 -664 ) 
4 33 38 (0 -736 -664 ) (0 -1024 -664 ) (-352 -1024 -664 ) (-640 -736 -664 ) 
3 33 37 (-640 -736 -664 ) (-832 -736 -664 ) (-736 -640 -664 ) 
5 33 36 (0 0 -664 ) (0 -736 -664 ) (-640 -736 -664 ) (-736 -640 -664 ) (-96 0 -664 ) 
3 33 35 (-1024 -928 -664 ) (-1024 -736 -664 ) (-832 -736 -664 ) 
4 33 34 (-1024 -736 -664 ) (-1024 0 -664 ) (-96 0 -664 ) (-832 -736 -664 ) 
4 34 66 (-1024 -736 -664 ) (-1024 0 -664 ) (-1024 0 -672 ) (-1024 -736 -672 ) 
4 34 41 (-1024 -32 -672 ) (-1024 0 -672 ) (-96 0 -672 ) (-128 -32 -672 ) 
4 34 43 (-1024 -736 -672 ) (-1024 -32 -672 ) (-128 -32 -672 ) (-832 -736 -672 ) 
4 34 37 (-832 -736 -672 ) (-736 -640 -672 ) (-736 -640 -664 ) (-832 -736 -664 ) 
4 34 36 (-736 -640 -672 ) (-96 0 -672 ) (-96 0 -664 ) (-736 -640 -664 ) 
4 34 35 (-1024 -736 -672 ) (-831.998047 -736 -672 ) (-831.998047 -736 -664 ) (-1024 -736 -664 ) 
4 35 67 (-1024 -928 -664 ) (-1024 -736 -664 ) (-1024 -736 -672 ) (-1024 -928 -672 ) 
3 35 43 (-1024 -928 -672 ) (-1024 -736 -672 ) (-832 -736 -672 ) 
4 35 40 (-1024 -928 -672 ) (-832 -736 -672 ) (-832 -736 -664 ) (-1024 -928 -664 ) 
4 36 41 (-128 -32 -672 ) (-96 0 -672 ) (0 0 -672 ) (0 -32 -672 ) 
5 36 43 (-736 -640 -672 ) (-128 -32 -672 ) (0 -32 -672 ) (0 -736 -672 ) (-640 -736 -672 ) 
4 36 38 (-640 -736 -672 ) (0 -736 -672 ) (0 -736 -664 ) (-640 -736 -664 ) 
4 36 37 (-736 -640 -664 ) (-736 -640 -672 ) (-640 -736 -672 ) (-640 -736 -664 ) 
3 37 43 (-832 -736 -672 ) (-736 -640 -672 ) (-640 -736 -672 ) 
4 37 39 (-831.998047 -736 -664 ) (-831.998047 -736 -672 ) (-640 -736 -672 ) (-640 -736 -664 ) 
4 38 102 (-96 -1024 -664 ) (-352 -1024 -664 ) (-352 -1024 -672 ) (-96 -1024 -672 ) 
4 38 100 (0 -1024 -672 ) (0 -1024 -664 ) (-96 -1024 -664 ) (-96 -1024 -672 ) 
4 38 43 (0 -1024 -672 ) (-352 -1024 -672 ) (-640 -736 -672 ) (0 -736 -672 ) 
4 38 39 (-640 -736 -664 ) (-640 -736 -672 ) (-352 -1024 -672 ) (-352 -1024 -664 ) 
4 39 103 (-352 -1024 -664 ) (-832 -1024 -664 ) (-832 -1024 -672 ) (-352 -1024 -672 ) 
4 39 43 (-352 -1024 -672 ) (-832 -1024 -672 ) (-832 -736 -672 ) (-640 -736 -672 ) 
4 39 40 (-832 -736 -664 ) (-832 -736 -672 ) (-832 -1024 -672 ) (-832 -1024 -664 ) 
4 40 104 (-832 -1024 -664 ) (-1024 -1024 -664 ) (-1024 -1024 -672 ) (-832 -1024 -672 ) 
4 40 71 (-1024 -1024 -672 ) (-1024 -1024 -664 ) (-1024 -992 -664 ) (-1024 -992 -672 ) 
4 40 67 (-1024 -992 -664 ) (-1024 -928 -664 ) (-1024 -928 -672 ) (-1024 -992 -672 ) 
4 40 43 (-832 -1024 -672 ) (-1024 -1024 -672 ) (-1024 -928 -672 ) (-832 -736 -672 ) 
4 41 73 (-1024 -32 -672 ) (-1024 0 -672 ) (-1024 0 -768 ) (-1024 -32 -768 ) 
4 41 42 (0 -32 -768 ) (-576 -32 -768 ) (-608 0 -768 ) (0 0 -768 ) 
4 41 43 (0 -32 -768 ) (0 -32 -672 ) (-1024 -32 -672 ) (-1024 -32 -768 ) 
4 42 43 (-576 -32 -2016 ) (0 -32 -2016 ) (0 -32 -768 ) (-576 -32 -768 ) 
4 43 105 (0 -1024 -2016 ) (0 -1024 -672 ) (-1024 -1024 -672 ) (-1024 -1024 -2016 ) 
4 43 75 (-1024 -1024 -2016 ) (-1024 -1024 -672 ) (-1024 -32 -672 ) (-1024 -32 -2016 ) 
4 44 46 (-2048 4096 -2016 ) (-2048 4096 2048 ) (-2048 4144 2048 ) (-2048 4144 -2016 ) 
4 44 45 (-1024 4096 -2016 ) (-1024 4096 2048 ) (-2048 4096 2048 ) (-2048 4096 -2016 ) 
4 45 53 (-1024 3072 -2016 ) (-1024 3072 -512 ) (-2048 3072 -512 ) (-2048 3072 -2016 ) 
4 45 52 (-1024 3072 -512 ) (-1024 3072 2048 ) (-2048 3072 2048 ) (-2048 3072 -512 ) 
4 45 48 (-2048 3072 -2016 ) (-2048 3072 2048 ) (-2048 4096 2048 ) (-2048 4096 -2016 ) 
4 46 48 (-2048 4096 -2016 ) (-2048 4096 2048 ) (-3072 4096 2048 ) (-3072 4096 -2016 ) 
4 46 47 (-3072 4096 -2016 ) (-3072 4096 2048 ) (-3072 4144 2048 ) (-3072 4144 -2016 ) 
4 47 50 (-4096 4096 -2016 ) (-4096 4096 2048 ) (-4096 4144 2048 ) (-4096 4144 -2016 ) 
4 47 49 (-3072 4096 -2016 ) (-3072 4096 2048 ) (-4096 4096 2048 ) (-4096 4096 -2016 ) 
4 48 58 (-2048 3072 -2016 ) (-2048 3072 2048 ) (-3072 3072 2048 ) (-3072 3072 -2016 ) 
4 48 49 (-3072 4096 2048 ) (-3072 4096 -2016 ) (-3072 3072 -2016 ) (-3072 3072 2048 ) 
4 49 59 (-3072 3072 -2016 ) (-3072 3072 2048 ) (-4096 3072 2048 ) (-4096 3072 -2016 ) 
4 49 51 (-4096 3072 -2016 ) (-4096 3072 2048 ) (-4096 4096 2048 ) (-4096 4096 -2016 ) 
4 50 51 (-4096 4096 -2016 ) (-4096 4096 2048 ) (-5120 4096 2048 ) (-5120 4096 -2016 ) 
4 51 84 (-4096 3072 -2016 ) (-4096 3072 2048 ) (-5120 3072 2048 ) (-5120 3072 -2016 ) 
4 52 58 (-2048 3072 2048 ) (-2048 3072 -512 ) (-2048 2048 -512 ) (-2048 2048 2048 ) 
4 52 55 (-1024 2048 -512 ) (-1024 2048 2048 ) (-2048 2048 2048 ) (-2048 2048 -512 ) 
4 52 54 (-1376 2048 -512 ) (-2048 2048 -512 ) (-2048 2080 -512 ) (-1344 2080 -512 ) 
4 52 53 (-2048 2080 -512 ) (-2048 3072 -512 ) (-1024 3072 -512 ) (-1024 2080 -512 ) 
4 53 58 (-2048 3072 -512 ) (-2048 3072 -2016 ) (-2048 2080 -2016 ) (-2048 2080 -512 ) 
4 53 54 (-2048 2080 -2016 ) (-1344 2080 -2016 ) (-1344 2080 -512 ) (-2048 2080 -512 ) 
4 54 58 (-2048 2080 -2016 ) (-2048 2048 -2016 ) (-2048 2048 -512 ) (-2048 2080 -512 ) 
4 54 56 (-1376 2048 -512 ) (-2048 2048 -512 ) (-2048 2048 -2016 ) (-1376 2048 -2016 ) 
4 55 62 (-1024 1024 -512 ) (-1024 1024 2048 ) (-2048 1024 2048 ) (-2048 1024 -512 ) 
4 55 60 (-2048 1024 -512 ) (-2048 1024 2048 ) (-2048 2048 2048 ) (-2048 2048 -512 ) 
4 55 56 (-2048 1888 -512 ) (-2048 2048 -512 ) (-1376 2048 -512 ) (-1536 1888 -512 ) 
4 55 57 (-1024 1024 -512 ) (-2048 1024 -512 ) (-2048 1888 -512 ) (-1024 1888 -512 ) 
4 56 60 (-2048 1888 -512 ) (-2048 2048 -512 ) (-2048 2048 -2016 ) (-2048 1888 -2016 ) 
4 56 57 (-2048 1888 -2016 ) (-1536 1888 -2016 ) (-1536 1888 -512 ) (-2048 1888 -512 ) 
4 57 63 (-1024 1024 -2016 ) (-1024 1024 -768 ) (-2048 1024 -768 ) (-2048 1024 -2016 ) 
4 57 62 (-1024 1024 -768 ) (-1024 1024 -512 ) (-2048 1024 -512 ) (-2048 1024 -768 ) 
4 57 60 (-2048 1024 -2016 ) (-2048 1024 -512 ) (-2048 1888 -512 ) (-2048 1888 -2016 ) 
4 58 60 (-2048 2048 -2016 ) (-2048 2048 2048 ) (-3072 2048 2048 ) (-3072 2048 -2016 ) 
4 58 59 (-3072 3072 2048 ) (-3072 3072 -2016 ) (-3072 2048 -2016 ) (-3072 2048 2048 ) 
4 59 84 (-4096 3072 2048 ) (-4096 3072 -2016 ) (-4096 2048 -2016 ) (-4096 2048 2048 ) 
4 59 61 (-3072 2048 -2016 ) (-3072 2048 2048 ) (-4096 2048 2048 ) (-4096 2048 -2016 ) 
4 60 76 (-2048 1024 -2016 ) (-2048 1024 2048 ) (-3072 1024 2048 ) (-3072 1024 -2016 ) 
4 60 61 (-3072 2048 2048 ) (-3072 2048 -2016 ) (-3072 1024 -2016 ) (-3072 1024 2048 ) 
4 61 85 (-4096 1024 -2016 ) (-4096 1024 2048 ) (-4096 2048 2048 ) (-4096 2048 -2016 ) 
4 61 77 (-3072 1024 -2016 ) (-3072 1024 2048 ) (-4096 1024 2048 ) (-4096 1024 -2016 ) 
4 62 76 (-2048 1024 2048 ) (-2048 1024 -768 ) (-2048 0 -768 ) (-2048 0 2048 ) 
4 62 73 (-1024 0 -768 ) (-1024 0 -672 ) (-2048 0 -672 ) (-2048 0 -768 ) 
4 62 68 (-2016 0 -664 ) (-2048 0 -664 ) (-2048 0 -672 ) (-2016 0 -672 ) 
4 62 66 (-1024 0 -672 ) (-1024 0 -664 ) (-2016 0 -664 ) (-2016 0 -672 ) 
4 62 65 (-1024 0 -664 ) (-1024 0 2048 ) (-2048 0 2048 ) (-2048 0 -664 ) 
5 62 64 (-1504 0 -768 ) (-2048 0 -768 ) (-2048 736 -768 ) (-1344 736 -768 ) (-1344 160 -768 ) 
4 62 63 (-2048 736 -768 ) (-2048 1024 -768 ) (-1024 1024 -768 ) (-1024 736 -768 ) 
4 63 76 (-2048 1024 -768 ) (-2048 1024 -2016 ) (-2048 736 -2016 ) (-2048 736 -768 ) 
4 63 64 (-2048 736 -2016 ) (-1344 736 -2016 ) (-1344 736 -768 ) (-2048 736 -768 ) 
4 64 76 (-2048 736 -2016 ) (-2048 0 -2016 ) (-2048 0 -768 ) (-2048 736 -768 ) 
4 64 74 (-1504 0 -768 ) (-2048 0 -768 ) (-2048 0 -2016 ) (-1504 0 -2016 ) 
4 65 157 (-1024 -1024 -664 ) (-1024 -1024 2048 ) (-2048 -1024 2048 ) (-2048 -1024 -664 ) 
4 65 82 (-2048 -1024 -664 ) (-2048 -1024 -480 ) (-2048 0 -480 ) (-2048 0 -664 ) 
4 65 78 (-2048 -1024 -480 ) (-2048 -1024 2048 ) (-2048 0 2048 ) (-2048 0 -480 ) 
4 65 72 (-1280 -1024 -664 ) (-1760 -1024 -664 ) (-1472 -736 -664 ) (-1280 -736 -664 ) 
4 65 71 (-1024 -1024 -664 ) (-1280 -1024 -664 ) (-1280 -736 -664 ) (-1024 -992 -664 ) 
4 65 70 (-1760 -1024 -664 ) (-2048 -1024 -664 ) (-2048 -736 -664 ) (-1472 -736 -664 ) 
3 65 69 (-1376 -640 -664 ) (-1280 -736 -664 ) (-1472 -736 -664 ) 
5 65 68 (-2048 -736 -664 ) (-2048 0 -664 ) (-2016 0 -664 ) (-1376 -640 -664 ) (-1472 -736 -664 ) 
3 65 67 (-1024 -736 -664 ) (-1024 -992 -664 ) (-1280 -736 -664 ) 
4 65 66 (-2016 0 -664 ) (-1024 0 -664 ) (-1024 -736 -664 ) (-1280 -736 -664 ) 
4 66 73 (-1024 0 -672 ) (-1024 -32 -672 ) (-1984 -32 -672 ) (-2016 0 -672 ) 
4 66 75 (-1024 -32 -672 ) (-1024 -736 -672 ) (-1280 -736 -672 ) (-1984 -32 -672 ) 
4 66 69 (-1376 -640 -672 ) (-1280 -736 -672 ) (-1280.003906 -736 -664 ) (-1376.001953 -640.001953 -664 ) 
4 66 68 (-2016 0 -672 ) (-1376 -640 -672 ) (-1376.001953 -640.001953 -664 ) (-2016.003906 0 -664 ) 
4 66 67 (-1279.998047 -736 -664 ) (-1279.998047 -736 -672 ) (-1024 -736 -672 ) (-1024 -736 -664 ) 
3 67 75 (-1024 -736 -672 ) (-1024 -992 -672 ) (-1280 -736 -672 ) 
4 67 71 (-1280 -736 -672 ) (-1024 -992 -672 ) (-1024 -992.003906 -664 ) (-1280.003906 -736 -664 ) 
4 68 82 (-2048 -736 -664 ) (-2048 0 -664 ) (-2048 0 -672 ) (-2048 -736 -672 ) 
4 68 73 (-2048 -32 -672 ) (-2048 0 -672 ) (-2016 0 -672 ) (-1984 -32 -672 ) 
5 68 75 (-2048 -736 -672 ) (-2048 -32 -672 ) (-1984 -32 -672 ) (-1376 -640 -672 ) (-1472 -736 -672 ) 
4 68 70 (-2048 -736 -672 ) (-1472 -736 -672 ) (-1472 -736 -664 ) (-2048 -736 -664 ) 
4 68 69 (-1471.998047 -736 -664 ) (-1471.998047 -736 -672 ) (-1376 -640.001953 -672 ) (-1376 -640.001953 -664 ) 
3 69 75 (-1376 -640 -672 ) (-1280 -736 -672 ) (-1472 -736 -672 ) 
4 69 72 (-1472 -736 -672 ) (-1279.998047 -736 -672 ) (-1279.998047 -736 -664 ) (-1472 -736 -664 ) 
4 70 158 (-1760 -1024 -664 ) (-2016 -1024 -664 ) (-2016 -1024 -672 ) (-1760 -1024 -672 ) 
4 70 162 (-2016 -1024 -664 ) (-2048 -1024 -664 ) (-2048 -1024 -672 ) (-2016 -1024 -672 ) 
4 70 82 (-2048 -1024 -672 ) (-2048 -1024 -664 ) (-2048 -736 -664 ) (-2048 -736 -672 ) 
4 70 75 (-1760 -1024 -672 ) (-2048 -1024 -672 ) (-2048 -736 -672 ) (-1472 -736 -672 ) 
4 70 72 (-1759.997070 -1024 -672 ) (-1471.998047 -736 -672 ) (-1471.998047 -736 -664 ) (-1759.998047 -1024 -664 ) 
4 71 160 (-1024 -1024 -672 ) (-1024 -1024 -664 ) (-1280 -1024 -664 ) (-1280 -1024 -672 ) 
4 71 75 (-1024 -992 -672 ) (-1024 -1024 -672 ) (-1280 -1024 -672 ) (-1280 -736 -672 ) 
4 71 72 (-1280 -736 -664 ) (-1280 -736 -672 ) (-1280 -1024 -672 ) (-1280 -1024 -664 ) 
4 72 161 (-1280 -1024 -664 ) (-1760 -1024 -664 ) (-1760 -1024 -672 ) (-1280 -1024 -672 ) 
4 72 75 (-1280 -1024 -672 ) (-1760 -1024 -672 ) (-1472 -736 -672 ) (-1280 -736 -672 ) 
4 73 82 (-2048 -32 -672 ) (-2048 0 -672 ) (-2048 0 -768 ) (-2048 -32 -768 ) 
4 73 74 (-1536 -32 -768 ) (-2048 -32 -768 ) (-2048 0 -768 ) (-1504 0 -768 ) 
4 73 75 (-1024 -32 -768 ) (-1024 -32 -672 ) (-2048 -32 -672 ) (-2048 -32 -768 ) 
4 74 82 (-2048 0 -768 ) (-2048 0 -2016 ) (-2048 -32 -2016 ) (-2048 -32 -768 ) 
4 74 75 (-2048 -32 -2016 ) (-1536 -32 -2016 ) (-1536 -32 -768 ) (-2048 -32 -768 ) 
4 75 163 (-1024 -1024 -2016 ) (-1024 -1024 -672 ) (-2048 -1024 -672 ) (-2048 -1024 -2016 ) 
4 75 82 (-2048 -1024 -2016 ) (-2048 -1024 -672 ) (-2048 -32 -672 ) (-2048 -32 -2016 ) 
4 76 82 (-2048 0 -2016 ) (-2048 0 -480 ) (-3072 0 -480 ) (-3072 0 -2016 ) 
4 76 80 (-2784 0 -96 ) (-2784 0 -480 ) (-2592 0 -480 ) (-2592 0 -96 ) 
4 76 79 (-2592 0 2048 ) (-2784 0 2048 ) (-2784 0 -96 ) (-2592 0 -96 ) 
4 76 78 (-2048 0 -480 ) (-2048 0 2048 ) (-2592 0 2048 ) (-2592 0 -480 ) 
4 76 81 (-2784 0 2048 ) (-3072 0 2048 ) (-3072 0 -480 ) (-2784 0 -480 ) 
4 76 77 (-3072 1024 2048 ) (-3072 1024 -2016 ) (-3072 0 -2016 ) (-3072 0 2048 ) 
4 77 86 (-4096 0 -2016 ) (-4096 0 2048 ) (-4096 1024 2048 ) (-4096 1024 -2016 ) 
4 77 83 (-3072 0 -2016 ) (-3072 0 2048 ) (-4096 0 2048 ) (-4096 0 -2016 ) 
4 78 171 (-2048 -1024 -480 ) (-2048 -1024 2048 ) (-2592 -1024 2048 ) (-2592 -1024 -480 ) 
4 78 82 (-2592 0 -480 ) (-2048 0 -480 ) (-2048 -1024 -480 ) (-2592 -1024 -480 ) 
4 78 80 (-2592 0 -480 ) (-2592 -992 -480 ) (-2592 -992 -96 ) (-2592 0 -96 ) 
4 78 79 (-2592 -1024 -96 ) (-2592 -1024 2048 ) (-2592 0 2048 ) (-2592 0 -96 ) 
4 79 172 (-2592 -1024 2048 ) (-2784 -1024 2048 ) (-2784 -1024 -96 ) (-2592 -1024 -96 ) 
4 79 80 (-2784 -800 -96 ) (-2784 0 -96 ) (-2592 0 -96 ) (-2592 -992 -96 ) 
4 79 81 (-2784 -1024 -96 ) (-2784 -1024 2048 ) (-2784 0 2048 ) (-2784 0 -96 ) 
4 80 82 (-2784 0 -480 ) (-2592 0 -480 ) (-2592 -992 -480 ) (-2784 -800 -480 ) 
4 80 81 (-2784 0 -480 ) (-2784 -800 -480 ) (-2784 -800 -96 ) (-2784 0 -96 ) 
4 81 174 (-2784 -1024 2048 ) (-3072 -1024 2048 ) (-3072 -1024 -480 ) (-2784 -1024 -480 ) 
4 81 83 (-3072 0 2048 ) (-3072 0 -480 ) (-3072 -1024 -480 ) (-3072 -1024 2048 ) 
4 81 82 (-3072 0 -480 ) (-2784 0 -480 ) (-2784 -1024 -480 ) (-3072 -1024 -480 ) 
4 82 175 (-2048 -1024 -2016 ) (-2048 -1024 -480 ) (-3072 -1024 -480 ) (-3072 -1024 -2016 ) 
4 82 83 (-3072 0 -480 ) (-3072 0 -2016 ) (-3072 -1024 -2016 ) (-3072 -1024 -480 ) 
4 83 176 (-3072 -1024 -2016 ) (-3072 -1024 2048 ) (-4096 -1024 2048 ) (-4096 -1024 -2016 ) 
4 83 87 (-4096 -1024 -2016 ) (-4096 -1024 2048 ) (-4096 0 2048 ) (-4096 0 -2016 ) 
4 84 85 (-4096 2048 -2016 ) (-4096 2048 2048 ) (-5120 2048 2048 ) (-5120 2048 -2016 ) 
4 85 86 (-4096 1024 -2016 ) (-4096 1024 2048 ) (-5120 1024 2048 ) (-5120 1024 -2016 ) 
4 86 87 (-4096 0 -2016 ) (-4096 0 2048 ) (-5120 0 2048 ) (-5120 0 -2016 ) 
4 87 200 (-4096 -1024 -2016 ) (-4096 -1024 2048 ) (-5120 -1024 2048 ) (-5120 -1024 -2016 ) 
4 88 92 (2048 -1024 2048 ) (2048 -1024 -2016 ) (2048 -2048 -2016 ) (2048 -2048 2048 ) 
4 88 89 (3072 -2048 -2016 ) (3072 -2048 2048 ) (2048 -2048 2048 ) (2048 -2048 -2016 ) 
4 89 93 (2048 -3072 -2016 ) (2048 -3072 2048 ) (2048 -2048 2048 ) (2048 -2048 -2016 ) 
4 89 90 (3072 -3072 -2016 ) (3072 -3072 2048 ) (2048 -3072 2048 ) (2048 -3072 -2016 ) 
4 90 120 (2048 -4096 -2016 ) (2048 -4096 2048 ) (2048 -3072 2048 ) (2048 -3072 -2016 ) 
4 90 91 (3072 -4096 -2016 ) (3072 -4096 2048 ) (2048 -4096 2048 ) (2048 -4096 -2016 ) 
4 91 142 (3072 -5120 -2016 ) (3072 -5120 2048 ) (2048 -5120 2048 ) (2048 -5120 -2016 ) 
4 91 121 (2048 -5120 -2016 ) (2048 -5120 2048 ) (2048 -4096 2048 ) (2048 -4096 -2016 ) 
4 92 98 (1024 -1024 -480 ) (1024 -1024 -2016 ) (1024 -2048 -2016 ) (1024 -2048 -480 ) 
4 92 94 (1024 -1024 2048 ) (1024 -1024 -480 ) (1024 -2048 -480 ) (1024 -2048 2048 ) 
4 92 93 (2048 -2048 -2016 ) (2048 -2048 2048 ) (1024 -2048 2048 ) (1024 -2048 -2016 ) 
4 93 120 (2048 -3072 -2016 ) (2048 -3072 2048 ) (1024 -3072 2048 ) (1024 -3072 -2016 ) 
4 93 110 (1024 -3072 -2016 ) (1024 -3072 -480 ) (1024 -2048 -480 ) (1024 -2048 -2016 ) 
4 93 106 (1024 -3072 -480 ) (1024 -3072 2048 ) (1024 -2048 2048 ) (1024 -2048 -480 ) 
4 94 106 (1024 -2048 -480 ) (1024 -2048 2048 ) (672 -2048 2048 ) (672 -2048 -480 ) 
4 94 98 (1024 -2048 -480 ) (672 -2048 -480 ) (672 -1024 -480 ) (1024 -1024 -480 ) 
4 94 95 (672 -1088 -96 ) (672 -1088 2048 ) (672 -1024 2048 ) (672 -1024 -96 ) 
4 94 96 (672 -1088 -480 ) (672 -2048 -480 ) (672 -2048 2048 ) (672 -1088 2048 ) 
4 95 96 (480 -1088 2048 ) (480 -1088 -96 ) (672 -1088 -96 ) (672 -1088 2048 ) 
4 95 97 (480 -1088 -96 ) (480 -1088 2048 ) (480 -1024 2048 ) (480 -1024 -96 ) 
4 96 107 (672 -2048 2048 ) (480 -2048 2048 ) (480 -2048 -96 ) (672 -2048 -96 ) 
4 96 98 (672 -2048 -480 ) (480 -2048 -480 ) (480 -1088 -480 ) (672 -1088 -480 ) 
4 96 97 (480 -1088 -480 ) (480 -2048 -480 ) (480 -2048 2048 ) (480 -1088 2048 ) 
4 97 109 (480 -2048 2048 ) (0 -2048 2048 ) (0 -2048 -480 ) (480 -2048 -480 ) 
4 97 99 (0 -1024 2048 ) (0 -1024 -480 ) (0 -2048 -480 ) (0 -2048 2048 ) 
4 97 98 (480 -2048 -480 ) (0 -2048 -480 ) (0 -1024 -480 ) (480 -1024 -480 ) 
4 98 110 (1024 -2048 -2016 ) (1024 -2048 -480 ) (0 -2048 -480 ) (0 -2048 -2016 ) 
4 98 105 (0 -1024 -672 ) (0 -1024 -2016 ) (0 -2048 -2016 ) (0 -2048 -672 ) 
4 98 100 (0 -1024 -664 ) (0 -1024 -672 ) (0 -2048 -672 ) (0 -2048 -664 ) 
4 98 99 (0 -1024 -480 ) (0 -1024 -664 ) (0 -2048 -664 ) (0 -2048 -480 ) 
4 99 157 (-1024 -1024 2048 ) (-1024 -1024 -664 ) (-1024 -2048 -664 ) (-1024 -2048 2048 ) 
4 99 111 (0 -2048 -664 ) (0 -2048 2048 ) (-1024 -2048 2048 ) (-1024 -2048 -664 ) 
4 99 104 (-1024 -1024 -664 ) (-832 -1024 -664 ) (-832 -2048 -664 ) (-1024 -2048 -664 ) 
6 99 103 (-832 -1024 -664 ) (-352 -1024 -664 ) (-96 -1280 -664 ) (-96 -1856 -664 ) (-288 -2048 -664 ) (-832 -2048 -664 ) 
3 99 102 (-352 -1024 -664 ) (-96 -1024 -664 ) (-96 -1280 -664 ) 
3 99 101 (-96 -1856 -664 ) (-96 -2048 -664 ) (-288 -2048 -664 ) 
4 99 100 (-96 -1024 -664 ) (0 -1024 -664 ) (0 -2048 -664 ) (-96 -2048 -664 ) 
4 100 114 (0 -2048 -672 ) (0 -2048 -664 ) (-96 -2048 -664 ) (-96 -2048 -672 ) 
4 100 105 (0 -2048 -672 ) (-96 -2048 -672 ) (-96 -1024 -672 ) (0 -1024 -672 ) 
4 100 103 (-96 -1280 -672 ) (-96 -1856 -672 ) (-96 -1856 -664 ) (-96 -1280 -664 ) 
4 100 102 (-96 -1024 -672 ) (-96 -1280 -672 ) (-96 -1280 -664 ) (-96 -1024 -664 ) 
4 100 101 (-96 -1856 -672 ) (-96 -2048 -672 ) (-96 -2048 -664 ) (-96 -1856 -664 ) 
4 101 114 (-96 -2048 -664 ) (-288 -2048 -664 ) (-288 -2048 -672 ) (-96 -2048 -672 ) 
3 101 105 (-96 -2048 -672 ) (-288 -2048 -672 ) (-96 -1856 -672 ) 
4 101 103 (-96 -1856 -664 ) (-96 -1856 -672 ) (-288 -2048 -672 ) (-288 -2048 -664 ) 
3 102 105 (-352 -1024 -672 ) (-96 -1024 -672 ) (-96 -1280 -672 ) 
4 102 103 (-352 -1024 -672 ) (-96 -1280 -672 ) (-96 -1280 -664 ) (-352 -1024 -664 ) 
4 103 115 (-288 -2048 -664 ) (-832 -2048 -664 ) (-832 -2048 -672 ) (-288 -2048 -672 ) 
6 103 105 (-288 -2048 -672 ) (-832 -2048 -672 ) (-832 -1024 -672 ) (-352 -1024 -672 ) (-96 -1280 -672 ) (-96 -1856 -672 ) 
4 103 104 (-832 -1024 -672 ) (-832 -2048 -672 ) (-832 -2048 -664 ) (-832 -1024 -664 ) 
4 104 160 (-1024 -1024 -664 ) (-1024 -1024 -672 ) (-1024 -2048 -672 ) (-1024 -2048 -664 ) 
4 104 116 (-832 -2048 -664 ) (-1024 -2048 -664 ) (-1024 -2048 -672 ) (-832 -2048 -672 ) 
4 104 105 (-832 -2048 -672 ) (-1024 -2048 -672 ) (-1024 -1024 -672 ) (-832 -1024 -672 ) 
4 105 163 (-1024 -1024 -672 ) (-1024 -1024 -2016 ) (-1024 -2048 -2016 ) (-1024 -2048 -672 ) 
4 105 119 (0 -2048 -2016 ) (0 -2048 -672 ) (-1024 -2048 -672 ) (-1024 -2048 -2016 ) 
4 106 127 (1024 -3072 -480 ) (1024 -3072 -96 ) (672 -3072 -96 ) (672 -3072 -480 ) 
4 106 122 (1024 -3072 -96 ) (1024 -3072 2048 ) (672 -3072 2048 ) (672 -3072 -96 ) 
4 106 110 (672 -2048 -480 ) (1024 -2048 -480 ) (1024 -3072 -480 ) (672 -3072 -480 ) 
4 106 108 (672 -2336 -480 ) (672 -3072 -480 ) (672 -3072 -96 ) (672 -2336 -96 ) 
4 106 107 (672 -3072 -96 ) (672 -3072 2048 ) (672 -2048 2048 ) (672 -2048 -96 ) 
4 107 122 (672 -3072 2048 ) (480 -3072 2048 ) (480 -3072 -96 ) (672 -3072 -96 ) 
4 107 108 (480 -3072 -96 ) (480 -2144 -96 ) (672 -2336 -96 ) (672 -3072 -96 ) 
4 107 109 (480 -3072 -96 ) (480 -3072 2048 ) (480 -2048 2048 ) (480 -2048 -96 ) 
4 108 127 (480 -3072 -96 ) (480 -3072 -480 ) (672 -3072 -480 ) (672 -3072 -96 ) 
4 108 110 (672 -2336 -480 ) (672 -3072 -480 ) (480 -3072 -480 ) (480 -2144 -480 ) 
4 108 109 (480 -2144 -480 ) (480 -3072 -480 ) (480 -3072 -96 ) (480 -2144 -96 ) 
4 109 127 (0 -3072 -96 ) (0 -3072 -480 ) (480 -3072 -480 ) (480 -3072 -96 ) 
4 109 122 (480 -3072 2048 ) (0 -3072 2048 ) (0 -3072 -96 ) (480 -3072 -96 ) 
4 109 111 (0 -2048 2048 ) (0 -2048 -480 ) (0 -3072 -480 ) (0 -3072 2048 ) 
4 109 110 (0 -2048 -480 ) (480 -2048 -480 ) (480 -3072 -480 ) (0 -3072 -480 ) 
4 110 127 (1024 -3072 -2016 ) (1024 -3072 -480 ) (0 -3072 -480 ) (0 -3072 -2016 ) 
4 110 119 (0 -2048 -672 ) (0 -2048 -2016 ) (0 -3072 -2016 ) (0 -3072 -672 ) 
4 110 117 (0 -2400 -672 ) (0 -3072 -672 ) (0 -3072 -664 ) (0 -2400 -664 ) 
4 110 114 (0 -2048 -664 ) (0 -2048 -672 ) (0 -2400 -672 ) (0 -2400 -664 ) 
4 110 111 (0 -2048 -480 ) (0 -2048 -664 ) (0 -3072 -664 ) (0 -3072 -480 ) 
4 111 164 (-1024 -3072 -664 ) (-1024 -3072 2048 ) (-1024 -2048 2048 ) (-1024 -2048 -664 ) 
4 111 131 (0 -3072 -664 ) (0 -3072 -96 ) (-1024 -3072 -96 ) (-1024 -3072 -664 ) 
4 111 129 (0 -3072 -96 ) (0 -3072 672 ) (-1024 -3072 672 ) (-1024 -3072 -96 ) 
4 111 128 (0 -3072 672 ) (0 -3072 2048 ) (-1024 -3072 2048 ) (-1024 -3072 672 ) 
3 111 118 (-736 -2496 -664 ) (-832 -2400 -664 ) (-640 -2400 -664 ) 
5 111 117 (0 -2400 -664 ) (0 -3072 -664 ) (-160 -3072 -664 ) (-736 -2496 -664 ) (-640 -2400 -664 ) 
4 111 116 (-832 -2400 -664 ) (-1024 -2208 -664 ) (-1024 -2048 -664 ) (-832 -2048 -664 ) 
4 111 115 (-640 -2400 -664 ) (-832 -2400 -664 ) (-832 -2048 -664 ) (-288 -2048 -664 ) 
4 111 114 (0 -2048 -664 ) (0 -2400 -664 ) (-640 -2400 -664 ) (-288 -2048 -664 ) 
4 111 113 (-160 -3072 -664 ) (-1024 -3072 -664 ) (-1024 -2400 -664 ) (-832 -2400 -664 ) 
3 111 112 (-1024 -2400 -664 ) (-1024 -2208 -664 ) (-832 -2400 -664 ) 
4 112 165 (-1024 -2400 -664 ) (-1024 -2208 -664 ) (-1024 -2208 -672 ) (-1024 -2400 -672 ) 
3 112 119 (-1024 -2400 -672 ) (-1024 -2208 -672 ) (-832 -2400 -672 ) 
4 112 116 (-832 -2400 -672 ) (-1024 -2208 -672 ) (-1024 -2208 -664 ) (-832 -2400 -664 ) 
4 112 113 (-1024 -2400 -672 ) (-831.998047 -2400 -672 ) (-831.998047 -2400 -664 ) (-1024 -2400 -664 ) 
4 113 166 (-1024 -3072 -672 ) (-1024 -3072 -664 ) (-1024 -2400 -664 ) (-1024 -2400 -672 ) 
4 113 131 (-160 -3072 -664 ) (-1024 -3072 -664 ) (-1024 -3072 -672 ) (-160 -3072 -672 ) 
4 113 119 (-160 -3072 -672 ) (-1024 -3072 -672 ) (-1024 -2400 -672 ) (-832 -2400 -672 ) 
4 113 118 (-736 -2496 -672 ) (-832 -2400 -672 ) (-832 -2400 -664 ) (-736 -2496 -664 ) 
4 113 117 (-160 -3072 -672 ) (-736 -2496 -672 ) (-736 -2496 -664 ) (-160 -3072 -664 ) 
4 114 119 (-288 -2048 -672 ) (0 -2048 -672 ) (0 -2400 -672 ) (-640 -2400 -672 ) 
4 114 117 (-640 -2400 -672 ) (0 -2400 -672 ) (0 -2400 -664 ) (-640 -2400 -664 ) 
4 114 115 (-288 -2048 -672 ) (-639.998047 -2400 -672 ) (-639.998047 -2400 -664 ) (-287.998108 -2048 -664 ) 
4 115 119 (-832 -2400 -672 ) (-832 -2048 -672 ) (-288 -2048 -672 ) (-640 -2400 -672 ) 
4 115 118 (-831.998047 -2400 -664 ) (-831.998047 -2400 -672 ) (-640 -2400 -672 ) (-640 -2400 -664 ) 
4 115 116 (-832 -2048 -672 ) (-832 -2400 -672 ) (-832 -2400 -664 ) (-832 -2048 -664 ) 
4 116 168 (-1024 -2144 -664 ) (-1024 -2048 -664 ) (-1024 -2048 -672 ) (-1024 -2144 -672 ) 
4 116 165 (-1024 -2208 -664 ) (-1024 -2144 -664 ) (-1024 -2144 -672 ) (-1024 -2208 -672 ) 
4 116 119 (-832 -2400 -672 ) (-1024 -2208 -672 ) (-1024 -2048 -672 ) (-832 -2048 -672 ) 
4 117 131 (0 -3072 -672 ) (0 -3072 -664 ) (-160 -3072 -664 ) (-160 -3072 -672 ) 
5 117 119 (0 -3072 -672 ) (-160 -3072 -672 ) (-736 -2496 -672 ) (-640 -2400 -672 ) (0 -2400 -672 ) 
4 117 118 (-639.998047 -2400 -664 ) (-639.998047 -2400 -672 ) (-736 -2496 -672 ) (-736 -2496 -664 ) 
3 118 119 (-736 -2496 -672 ) (-832 -2400 -672 ) (-640 -2400 -672 ) 
4 119 170 (-1024 -3072 -2016 ) (-1024 -3072 -672 ) (-1024 -2048 -672 ) (-1024 -2048 -2016 ) 
4 119 131 (0 -3072 -2016 ) (0 -3072 -672 ) (-1024 -3072 -672 ) (-1024 -3072 -2016 ) 
4 120 127 (1024 -3072 -96 ) (1024 -3072 -2016 ) (1024 -4096 -2016 ) (1024 -4096 -96 ) 
4 120 124 (1024 -3488 -96 ) (1024 -3680 -96 ) (1024 -3680 672 ) (1024 -3488 672 ) 
4 120 123 (1024 -3680 672 ) (1024 -3680 2048 ) (1024 -3488 2048 ) (1024 -3488 672 ) 
4 120 122 (1024 -3072 2048 ) (1024 -3072 -96 ) (1024 -3488 -96 ) (1024 -3488 2048 ) 
4 120 126 (1024 -3680 -96 ) (1024 -4096 -96 ) (1024 -4096 2048 ) (1024 -3680 2048 ) 
4 120 121 (2048 -4096 -2016 ) (2048 -4096 2048 ) (1024 -4096 2048 ) (1024 -4096 -2016 ) 
4 121 145 (2048 -5120 -2016 ) (2048 -5120 2048 ) (1024 -5120 2048 ) (1024 -5120 -2016 ) 
4 121 137 (1024 -5120 -2016 ) (1024 -5120 -192 ) (1024 -4096 -192 ) (1024 -4096 -2016 ) 
4 121 132 (1024 -5120 -192 ) (1024 -5120 2048 ) (1024 -4096 2048 ) (1024 -4096 -192 ) 
4 122 129 (0 -3072 672 ) (0 -3072 -96 ) (0 -3488 -96 ) (0 -3488 672 ) 
4 122 128 (0 -3072 2048 ) (0 -3072 672 ) (0 -3488 672 ) (0 -3488 2048 ) 
4 122 127 (0 -3488 -96 ) (0 -3072 -96 ) (1024 -3072 -96 ) (1024 -3488 -96 ) 
4 122 125 (0 -3488 -96 ) (96 -3488 -96 ) (96 -3488 672 ) (0 -3488 672 ) 
4 122 124 (480 -3488 -96 ) (1024 -3488 -96 ) (1024 -3488 672 ) (480 -3488 672 ) 
4 122 123 (1024 -3488 672 ) (1024 -3488 2048 ) (0 -3488 2048 ) (0 -3488 672 ) 
4 123 128 (0 -3680 672 ) (0 -3680 2048 ) (0 -3488 2048 ) (0 -3488 672 ) 
3 123 125 (0 -3584 672 ) (0 -3488 672 ) (96 -3488 672 ) 
4 123 124 (1024 -3680 672 ) (672 -3680 672 ) (480 -3488 672 ) (1024 -3488 672 ) 
4 123 126 (1024 -3680 672 ) (1024 -3680 2048 ) (0 -3680 2048 ) (0 -3680 672 ) 
4 124 127 (480 -3488 -96 ) (1024 -3488 -96 ) (1024 -3680 -96 ) (672 -3680 -96 ) 
4 124 126 (672 -3680 -96 ) (1024 -3680 -96 ) (1024 -3680 672 ) (672 -3680 672 ) 
4 125 129 (0 -3488 -96 ) (0 -3584 -96 ) (0 -3584 672 ) (0 -3488 672 ) 
3 125 127 (0 -3584 -96 ) (0 -3488 -96 ) (96 -3488 -96 ) 
4 126 134 (480 -4096 480 ) (480 -4096 -96 ) (672 -4096 -96 ) (672 -4096 480 ) 
4 126 133 (672 -4096 2048 ) (480 -4096 2048 ) (480 -4096 480 ) (672 -4096 480 ) 
4 126 132 (1024 -4096 -96 ) (1024 -4096 2048 ) (672 -4096 2048 ) (672 -4096 -96 ) 
4 126 136 (480 -4096 2048 ) (0 -4096 2048 ) (0 -4096 -96 ) (480 -4096 -96 ) 
4 126 130 (0 -3680 -96 ) (0 -4096 -96 ) (0 -4096 2048 ) (0 -3680 2048 ) 
4 126 127 (1024 -4096 -96 ) (0 -4096 -96 ) (0 -3680 -96 ) (1024 -3680 -96 ) 
4 127 137 (1024 -4096 -2016 ) (1024 -4096 -192 ) (0 -4096 -192 ) (0 -4096 -2016 ) 
4 127 134 (672 -4096 -96 ) (480 -4096 -96 ) (480 -4096 -192 ) (672 -4096 -192 ) 
4 127 132 (1024 -4096 -192 ) (1024 -4096 -96 ) (672 -4096 -96 ) (672 -4096 -192 ) 
4 127 136 (480 -4096 -96 ) (0 -4096 -96 ) (0 -4096 -192 ) (480 -4096 -192 ) 
4 127 131 (0 -3072 -96 ) (0 -3072 -2016 ) (0 -4096 -2016 ) (0 -4096 -96 ) 
4 128 183 (-1024 -3680 2048 ) (-1024 -3072 2048 ) (-1024 -3072 672 ) (-1024 -3680 672 ) 
5 128 129 (-96 -3680 672 ) (-1024 -3680 672 ) (-1024 -3072 672 ) (0 -3072 672 ) (0 -3584 672 ) 
4 128 130 (0 -3680 672 ) (0 -3680 2048 ) (-1024 -3680 2048 ) (-1024 -3680 672 ) 
4 129 184 (-1024 -3072 672 ) (-1024 -3072 -96 ) (-1024 -3680 -96 ) (-1024 -3680 672 ) 
5 129 131 (0 -3072 -96 ) (0 -3584 -96 ) (-96 -3680 -96 ) (-1024 -3680 -96 ) (-1024 -3072 -96 ) 
4 129 130 (-1024 -3680 -96 ) (-96 -3680 -96 ) (-96 -3680 672 ) (-1024 -3680 672 ) 
4 130 185 (-1024 -4096 -96 ) (-1024 -4096 2048 ) (-1024 -3680 2048 ) (-1024 -3680 -96 ) 
4 130 138 (0 -4096 -96 ) (0 -4096 2048 ) (-1024 -4096 2048 ) (-1024 -4096 -96 ) 
4 130 131 (0 -3680 -96 ) (0 -4096 -96 ) (-1024 -4096 -96 ) (-1024 -3680 -96 ) 
4 131 186 (-1024 -4096 -2016 ) (-1024 -4096 -96 ) (-1024 -3072 -96 ) (-1024 -3072 -2016 ) 
4 131 141 (0 -4096 -2016 ) (0 -4096 -192 ) (-1024 -4096 -192 ) (-1024 -4096 -2016 ) 
4 131 138 (0 -4096 -192 ) (0 -4096 -96 ) (-1024 -4096 -96 ) (-1024 -4096 -192 ) 
4 132 147 (1024 -5120 -192 ) (1024 -5120 2048 ) (672 -5120 2048 ) (672 -5120 -192 ) 
4 132 137 (672 -4096 -192 ) (1024 -4096 -192 ) (1024 -5120 -192 ) (672 -5120 -192 ) 
4 132 134 (672 -4096 -192 ) (672 -4256 -192 ) (672 -4256 480 ) (672 -4096 480 ) 
4 132 133 (672 -5024 480 ) (672 -5024 2048 ) (672 -4096 2048 ) (672 -4096 480 ) 
4 132 135 (672 -5024 -192 ) (672 -5120 -192 ) (672 -5120 2048 ) (672 -5024 2048 ) 
4 133 134 (480 -4448 480 ) (480 -4096 480 ) (672 -4096 480 ) (672 -4256 480 ) 
4 133 135 (480 -5024 2048 ) (480 -5024 480 ) (672 -5024 480 ) (672 -5024 2048 ) 
4 133 136 (480 -5024 480 ) (480 -5024 2048 ) (480 -4096 2048 ) (480 -4096 480 ) 
4 134 137 (480 -4096 -192 ) (672 -4096 -192 ) (672 -4256 -192 ) (480 -4448 -192 ) 
4 134 136 (480 -4096 -192 ) (480 -4448 -192 ) (480 -4448 480 ) (480 -4096 480 ) 
4 135 147 (672 -5120 2048 ) (480 -5120 2048 ) (480 -5120 -192 ) (672 -5120 -192 ) 
4 135 137 (672 -5024 -192 ) (672 -5120 -192 ) (480 -5120 -192 ) (480 -5024 -192 ) 
4 135 136 (480 -5024 -192 ) (480 -5120 -192 ) (480 -5120 2048 ) (480 -5024 2048 ) 
4 136 147 (480 -5120 2048 ) (0 -5120 2048 ) (0 -5120 -192 ) (480 -5120 -192 ) 
4 136 140 (0 -5024 -192 ) (0 -5120 -192 ) (0 -5120 480 ) (0 -5024 480 ) 
4 136 139 (0 -5120 480 ) (0 -5120 2048 ) (0 -5024 2048 ) (0 -5024 480 ) 
4 136 138 (0 -4096 2048 ) (0 -4096 -192 ) (0 -5024 -192 ) (0 -5024 2048 ) 
4 136 137 (0 -4096 -192 ) (480 -4096 -192 ) (480 -5120 -192 ) (0 -5120 -192 ) 
4 137 147 (1024 -5120 -2016 ) (1024 -5120 -192 ) (0 -5120 -192 ) (0 -5120 -2016 ) 
4 137 141 (0 -4096 -192 ) (0 -4096 -2016 ) (0 -5120 -2016 ) (0 -5120 -192 ) 
4 138 187 (-1024 -5024 2048 ) (-1024 -4096 2048 ) (-1024 -4096 -192 ) (-1024 -5024 -192 ) 
4 138 141 (0 -4096 -192 ) (0 -5024 -192 ) (-1024 -5024 -192 ) (-1024 -4096 -192 ) 
4 138 140 (-576 -5024 -192 ) (0 -5024 -192 ) (0 -5024 480 ) (-576 -5024 480 ) 
4 138 139 (0 -5024 480 ) (0 -5024 2048 ) (-1024 -5024 2048 ) (-1024 -5024 480 ) 
4 139 188 (-1024 -5120 480 ) (-1024 -5120 2048 ) (-1024 -5024 2048 ) (-1024 -5024 480 ) 
4 139 148 (0 -5120 480 ) (0 -5120 2048 ) (-1024 -5120 2048 ) (-1024 -5120 480 ) 
4 139 140 (0 -5120 480 ) (-672 -5120 480 ) (-576 -5024 480 ) (0 -5024 480 ) 
4 140 149 (0 -5120 -192 ) (0 -5120 480 ) (-672 -5120 480 ) (-672 -5120 -192 ) 
4 140 141 (0 -5024 -192 ) (0 -5120 -192 ) (-672 -5120 -192 ) (-576 -5024 -192 ) 
4 141 190 (-1024 -5120 -2016 ) (-1024 -5120 -192 ) (-1024 -4096 -192 ) (-1024 -4096 -2016 ) 
4 141 151 (0 -5120 -2016 ) (0 -5120 -192 ) (-1024 -5120 -192 ) (-1024 -5120 -2016 ) 
4 142 145 (2048 -5120 2048 ) (2048 -5120 -2016 ) (2048 -6144 -2016 ) (2048 -6144 2048 ) 
4 142 143 (3072 -6144 -2016 ) (3072 -6144 2048 ) (2048 -6144 2048 ) (2048 -6144 -2016 ) 
4 143 146 (2048 -7168 -2016 ) (2048 -7168 2048 ) (2048 -6144 2048 ) (2048 -6144 -2016 ) 
4 143 144 (3072 -7168 -2016 ) (3072 -7168 2048 ) (2048 -7168 2048 ) (2048 -7168 -2016 ) 
4 144 154 (2048 -7280 2048 ) (2048 -7168 2048 ) (2048 -7168 -2016 ) (2048 -7280 -2016 ) 
4 145 147 (1024 -5120 2048 ) (1024 -5120 -2016 ) (1024 -6144 -2016 ) (1024 -6144 2048 ) 
4 145 146 (2048 -6144 -2016 ) (2048 -6144 2048 ) (1024 -6144 2048 ) (1024 -6144 -2016 ) 
4 146 154 (2048 -7168 -2016 ) (2048 -7168 2048 ) (1024 -7168 2048 ) (1024 -7168 -2016 ) 
4 146 152 (1024 -7168 -2016 ) (1024 -7168 2048 ) (1024 -6144 2048 ) (1024 -6144 -2016 ) 
4 147 152 (1024 -6144 -2016 ) (1024 -6144 2048 ) (0 -6144 2048 ) (0 -6144 -2016 ) 
4 147 151 (0 -5120 -192 ) (0 -5120 -2016 ) (0 -6144 -2016 ) (0 -6144 -192 ) 
4 147 149 (0 -5120 480 ) (0 -5120 -192 ) (0 -5216 -192 ) (0 -5216 480 ) 
4 147 148 (0 -5120 2048 ) (0 -5120 480 ) (0 -5216 480 ) (0 -5216 2048 ) 
4 147 150 (0 -5216 -192 ) (0 -6144 -192 ) (0 -6144 2048 ) (0 -5216 2048 ) 
4 148 204 (-1024 -5216 2048 ) (-1024 -5120 2048 ) (-1024 -5120 480 ) (-1024 -5216 480 ) 
4 148 149 (0 -5216 480 ) (-768 -5216 480 ) (-672 -5120 480 ) (0 -5120 480 ) 
4 148 150 (0 -5216 480 ) (0 -5216 2048 ) (-1024 -5216 2048 ) (-1024 -5216 480 ) 
4 149 151 (0 -5120 -192 ) (0 -5216 -192 ) (-768 -5216 -192 ) (-672 -5120 -192 ) 
4 149 150 (-768 -5216 -192 ) (0 -5216 -192 ) (0 -5216 480 ) (-768 -5216 480 ) 
4 150 206 (-1024 -6144 -192 ) (-1024 -6144 2048 ) (-1024 -5216 2048 ) (-1024 -5216 -192 ) 
4 150 153 (0 -6144 -192 ) (0 -6144 2048 ) (-1024 -6144 2048 ) (-1024 -6144 -192 ) 
4 150 151 (0 -5216 -192 ) (0 -6144 -192 ) (-1024 -6144 -192 ) (-1024 -5216 -192 ) 
4 151 207 (-1024 -6144 -2016 ) (-1024 -6144 -192 ) (-1024 -5120 -192 ) (-1024 -5120 -2016 ) 
4 151 153 (0 -6144 -2016 ) (0 -6144 -192 ) (-1024 -6144 -192 ) (-1024 -6144 -2016 ) 
4 152 155 (1024 -7168 -2016 ) (1024 -7168 2048 ) (0 -7168 2048 ) (0 -7168 -2016 ) 
4 152 153 (0 -6144 2048 ) (0 -6144 -2016 ) (0 -7168 -2016 ) (0 -7168 2048 ) 
4 153 208 (-1024 -7168 -2016 ) (-1024 -7168 2048 ) (-1024 -6144 2048 ) (-1024 -6144 -2016 ) 
4 153 156 (0 -7168 -2016 ) (0 -7168 2048 ) (-1024 -7168 2048 ) (-1024 -7168 -2016 ) 
4 154 155 (1024 -7168 2048 ) (1024 -7168 -2016 ) (1024 -7280 -2016 ) (1024 -7280 2048 ) 
4 155 156 (0 -7168 2048 ) (0 -7168 -2016 ) (0 -7280 -2016 ) (0 -7280 2048 ) 
4 156 213 (-1024 -7280 2048 ) (-1024 -7168 2048 ) (-1024 -7168 -2016 ) (-1024 -7280 -2016 ) 
4 157 175 (-2048 -1024 -480 ) (-2048 -1024 -664 ) (-2048 -2048 -664 ) (-2048 -2048 -480 ) 
4 157 171 (-2048 -1024 2048 ) (-2048 -1024 -480 ) (-2048 -2048 -480 ) (-2048 -2048 2048 ) 
4 157 164 (-1024 -2048 -664 ) (-1024 -2048 2048 ) (-2048 -2048 2048 ) (-2048 -2048 -664 ) 
6 157 161 (-1760 -1024 -664 ) (-1280 -1024 -664 ) (-1280 -2048 -664 ) (-1824 -2048 -664 ) (-2016 -1856 -664 ) (-2016 -1280 -664 ) 
4 157 160 (-1280 -1024 -664 ) (-1024 -1024 -664 ) (-1024 -2048 -664 ) (-1280 -2048 -664 ) 
3 157 159 (-1824 -2048 -664 ) (-2016 -2048 -664 ) (-2016 -1856 -664 ) 
3 157 158 (-2016 -1024 -664 ) (-1760 -1024 -664 ) (-2016 -1280 -664 ) 
4 157 162 (-2048 -2048 -664 ) (-2048 -1024 -664 ) (-2016 -1024 -664 ) (-2016 -2048 -664 ) 
3 158 163 (-2016 -1280 -672 ) (-2016 -1024 -672 ) (-1760 -1024 -672 ) 
4 158 161 (-2016 -1280 -664 ) (-2016 -1280 -672 ) (-1760 -1024 -672 ) (-1760 -1024 -664 ) 
4 158 162 (-2016 -1024 -672 ) (-2016 -1280 -672 ) (-2016 -1280 -664 ) (-2016 -1024 -664 ) 
4 159 167 (-1824 -2048 -664 ) (-2016 -2048 -664 ) (-2016 -2048 -672 ) (-1824 -2048 -672 ) 
3 159 163 (-1824 -2048 -672 ) (-2016 -2048 -672 ) (-2016 -1856 -672 ) 
4 159 161 (-1824 -2048 -672 ) (-2016 -1856 -672 ) (-2016 -1856 -664 ) (-1824 -2048 -664 ) 
4 159 162 (-2016 -1856 -672 ) (-2016 -2048 -672 ) (-2016 -2048 -664 ) (-2016 -1856 -664 ) 
4 160 168 (-1024 -2048 -672 ) (-1024 -2048 -664 ) (-1280 -2048 -664 ) (-1280 -2048 -672 ) 
4 160 163 (-1024 -2048 -672 ) (-1280 -2048 -672 ) (-1280 -1024 -672 ) (-1024 -1024 -672 ) 
4 160 161 (-1280 -1024 -672 ) (-1280 -2048 -672 ) (-1280 -2048 -664 ) (-1280 -1024 -664 ) 
4 161 169 (-1280 -2048 -664 ) (-1824 -2048 -664 ) (-1824 -2048 -672 ) (-1280 -2048 -672 ) 
6 161 163 (-1280 -2048 -672 ) (-1824 -2048 -672 ) (-2016 -1856 -672 ) (-2016 -1280 -672 ) (-1760 -1024 -672 ) (-1280 -1024 -672 ) 
4 161 162 (-2016 -1280 -672 ) (-2016 -1856 -672 ) (-2016 -1856 -664 ) (-2016 -1280 -664 ) 
4 162 175 (-2048 -1024 -664 ) (-2048 -1024 -672 ) (-2048 -2048 -672 ) (-2048 -2048 -664 ) 
4 162 167 (-2016 -2048 -664 ) (-2048 -2048 -664 ) (-2048 -2048 -672 ) (-2016 -2048 -672 ) 
4 162 163 (-2016 -2048 -672 ) (-2048 -2048 -672 ) (-2048 -1024 -672 ) (-2016 -1024 -672 ) 
4 163 175 (-2048 -1024 -672 ) (-2048 -1024 -2016 ) (-2048 -2048 -2016 ) (-2048 -2048 -672 ) 
4 163 170 (-1024 -2048 -2016 ) (-1024 -2048 -672 ) (-2048 -2048 -672 ) (-2048 -2048 -2016 ) 
4 164 186 (-1024 -3072 -664 ) (-1024 -3072 -96 ) (-2048 -3072 -96 ) (-2048 -3072 -664 ) 
4 164 184 (-1024 -3072 -96 ) (-1024 -3072 672 ) (-2048 -3072 672 ) (-2048 -3072 -96 ) 
4 164 183 (-1024 -3072 672 ) (-1024 -3072 2048 ) (-2048 -3072 2048 ) (-2048 -3072 672 ) 
4 164 181 (-2048 -3072 -664 ) (-2048 -3072 -480 ) (-2048 -2048 -480 ) (-2048 -2048 -664 ) 
4 164 177 (-2048 -3072 -480 ) (-2048 -3072 2048 ) (-2048 -2048 2048 ) (-2048 -2048 -480 ) 
4 164 169 (-1824 -2048 -664 ) (-1280 -2048 -664 ) (-1280 -2400 -664 ) (-1376 -2496 -664 ) 
4 164 168 (-1280 -2048 -664 ) (-1024 -2048 -664 ) (-1024 -2144 -664 ) (-1280 -2400 -664 ) 
5 164 167 (-2048 -3072 -664 ) (-2048 -2048 -664 ) (-1824 -2048 -664 ) (-1376 -2496 -664 ) (-1952 -3072 -664 ) 
4 164 166 (-1024 -2400 -664 ) (-1024 -3072 -664 ) (-1952 -3072 -664 ) (-1280 -2400 -664 ) 
3 164 165 (-1024 -2144 -664 ) (-1024 -2400 -664 ) (-1280 -2400 -664 ) 
3 165 170 (-1280 -2400 -672 ) (-1024 -2144 -672 ) (-1024 -2400 -672 ) 
4 165 168 (-1024 -2144 -672 ) (-1280 -2400 -672 ) (-1280 -2400 -664 ) (-1024 -2144 -664 ) 
4 165 166 (-1279.996094 -2400 -664 ) (-1279.996094 -2400 -672 ) (-1024 -2400 -672 ) (-1024 -2400 -664 ) 
4 166 186 (-1024 -3072 -672 ) (-1024 -3072 -664 ) (-1952 -3072 -664 ) (-1952 -3072 -672 ) 
4 166 170 (-1024 -3072 -672 ) (-1952 -3072 -672 ) (-1280 -2400 -672 ) (-1024 -2400 -672 ) 
4 166 169 (-1280 -2400 -672 ) (-1376 -2496 -672 ) (-1376 -2496 -664 ) (-1280 -2400 -664 ) 
4 166 167 (-1376 -2496 -672 ) (-1952 -3072 -672 ) (-1952 -3072 -664 ) (-1376 -2496 -664 ) 
4 167 186 (-1952 -3072 -664 ) (-2048 -3072 -664 ) (-2048 -3072 -672 ) (-1952 -3072 -672 ) 
4 167 181 (-2048 -3072 -672 ) (-2048 -3072 -664 ) (-2048 -2048 -664 ) (-2048 -2048 -672 ) 
5 167 170 (-1952 -3072 -672 ) (-2048 -3072 -672 ) (-2048 -2048 -672 ) (-1824 -2048 -672 ) (-1376 -2496 -672 ) 
4 167 169 (-1376 -2496 -664 ) (-1376 -2496 -672 ) (-1824 -2048 -672 ) (-1824 -2048 -664 ) 
4 168 170 (-1280 -2048 -672 ) (-1024 -2048 -672 ) (-1024 -2144 -672 ) (-1280 -2400 -672 ) 
4 168 169 (-1280 -2048 -672 ) (-1280 -2400.001953 -672 ) (-1280 -2400.001953 -664 ) (-1280 -2048 -664 ) 
4 169 170 (-1824 -2048 -672 ) (-1280 -2048 -672 ) (-1280 -2400 -672 ) (-1376 -2496 -672 ) 
4 170 186 (-1024 -3072 -2016 ) (-1024 -3072 -672 ) (-2048 -3072 -672 ) (-2048 -3072 -2016 ) 
4 170 181 (-2048 -3072 -2016 ) (-2048 -3072 -672 ) (-2048 -2048 -672 ) (-2048 -2048 -2016 ) 
4 171 177 (-2048 -2048 -480 ) (-2048 -2048 2048 ) (-2592 -2048 2048 ) (-2592 -2048 -480 ) 
4 171 175 (-2048 -2048 -480 ) (-2592 -2048 -480 ) (-2592 -1024 -480 ) (-2048 -1024 -480 ) 
4 171 172 (-2592 -1088 -96 ) (-2592 -1088 2048 ) (-2592 -1024 2048 ) (-2592 -1024 -96 ) 
4 171 173 (-2592 -1088 -480 ) (-2592 -2048 -480 ) (-2592 -2048 2048 ) (-2592 -1088 2048 ) 
4 172 173 (-2784 -1088 2048 ) (-2784 -1088 -96 ) (-2592 -1088 -96 ) (-2592 -1088 2048 ) 
4 172 174 (-2784 -1088 -96 ) (-2784 -1088 2048 ) (-2784 -1024 2048 ) (-2784 -1024 -96 ) 
4 173 178 (-2592 -2048 2048 ) (-2784 -2048 2048 ) (-2784 -2048 -96 ) (-2592 -2048 -96 ) 
4 173 175 (-2592 -2048 -480 ) (-2784 -2048 -480 ) (-2784 -1088 -480 ) (-2592 -1088 -480 ) 
4 173 174 (-2784 -1088 -480 ) (-2784 -2048 -480 ) (-2784 -2048 2048 ) (-2784 -1088 2048 ) 
4 174 180 (-2784 -2048 2048 ) (-3072 -2048 2048 ) (-3072 -2048 -480 ) (-2784 -2048 -480 ) 
4 174 176 (-3072 -1024 2048 ) (-3072 -1024 -480 ) (-3072 -2048 -480 ) (-3072 -2048 2048 ) 
4 174 175 (-2784 -2048 -480 ) (-3072 -2048 -480 ) (-3072 -1024 -480 ) (-2784 -1024 -480 ) 
4 175 181 (-2048 -2048 -2016 ) (-2048 -2048 -480 ) (-3072 -2048 -480 ) (-3072 -2048 -2016 ) 
4 175 176 (-3072 -1024 -480 ) (-3072 -1024 -2016 ) (-3072 -2048 -2016 ) (-3072 -2048 -480 ) 
4 176 200 (-4096 -1024 2048 ) (-4096 -1024 -2016 ) (-4096 -2048 -2016 ) (-4096 -2048 2048 ) 
4 176 182 (-3072 -2048 -2016 ) (-3072 -2048 2048 ) (-4096 -2048 2048 ) (-4096 -2048 -2016 ) 
4 177 196 (-2048 -3072 -480 ) (-2048 -3072 -96 ) (-2592 -3072 -96 ) (-2592 -3072 -480 ) 
4 177 191 (-2048 -3072 -96 ) (-2048 -3072 2048 ) (-2592 -3072 2048 ) (-2592 -3072 -96 ) 
4 177 181 (-2592 -2048 -480 ) (-2048 -2048 -480 ) (-2048 -3072 -480 ) (-2592 -3072 -480 ) 
4 177 179 (-2592 -2144 -480 ) (-2592 -3072 -480 ) (-2592 -3072 -96 ) (-2592 -2144 -96 ) 
4 177 178 (-2592 -3072 -96 ) (-2592 -3072 2048 ) (-2592 -2048 2048 ) (-2592 -2048 -96 ) 
4 178 191 (-2592 -3072 2048 ) (-2784 -3072 2048 ) (-2784 -3072 -96 ) (-2592 -3072 -96 ) 
4 178 179 (-2784 -3072 -96 ) (-2784 -2336 -96 ) (-2592 -2144 -96 ) (-2592 -3072 -96 ) 
4 178 180 (-2784 -3072 -96 ) (-2784 -3072 2048 ) (-2784 -2048 2048 ) (-2784 -2048 -96 ) 
4 179 196 (-2784 -3072 -96 ) (-2784 -3072 -480 ) (-2592 -3072 -480 ) (-2592 -3072 -96 ) 
4 179 181 (-2592 -2144 -480 ) (-2592 -3072 -480 ) (-2784 -3072 -480 ) (-2784 -2336 -480 ) 
4 179 180 (-2784 -2336 -480 ) (-2784 -3072 -480 ) (-2784 -3072 -96 ) (-2784 -2336 -96 ) 
4 180 196 (-3072 -3072 -96 ) (-3072 -3072 -480 ) (-2784 -3072 -480 ) (-2784 -3072 -96 ) 
4 180 191 (-2784 -3072 2048 ) (-3072 -3072 2048 ) (-3072 -3072 -96 ) (-2784 -3072 -96 ) 
4 180 182 (-3072 -2048 2048 ) (-3072 -2048 -480 ) (-3072 -3072 -480 ) (-3072 -3072 2048 ) 
4 180 181 (-3072 -2048 -480 ) (-2784 -2048 -480 ) (-2784 -3072 -480 ) (-3072 -3072 -480 ) 
4 181 196 (-2048 -3072 -2016 ) (-2048 -3072 -480 ) (-3072 -3072 -480 ) (-3072 -3072 -2016 ) 
4 181 182 (-3072 -2048 -480 ) (-3072 -2048 -2016 ) (-3072 -3072 -2016 ) (-3072 -3072 -480 ) 
4 182 201 (-4096 -3072 -2016 ) (-4096 -3072 2048 ) (-4096 -2048 2048 ) (-4096 -2048 -2016 ) 
4 182 197 (-3072 -3072 -2016 ) (-3072 -3072 2048 ) (-4096 -3072 2048 ) (-4096 -3072 -2016 ) 
4 183 192 (-2048 -3488 672 ) (-2048 -3680 672 ) (-2048 -3680 2048 ) (-2048 -3488 2048 ) 
4 183 191 (-2048 -3072 2048 ) (-2048 -3072 672 ) (-2048 -3488 672 ) (-2048 -3488 2048 ) 
5 183 184 (-1024 -3680 672 ) (-2016 -3680 672 ) (-2048 -3648 672 ) (-2048 -3072 672 ) (-1024 -3072 672 ) 
4 183 185 (-1024 -3680 672 ) (-1024 -3680 2048 ) (-2048 -3680 2048 ) (-2048 -3680 672 ) 
4 184 193 (-2048 -3488 -96 ) (-2048 -3648 -96 ) (-2048 -3648 672 ) (-2048 -3488 672 ) 
4 184 191 (-2048 -3072 672 ) (-2048 -3072 -96 ) (-2048 -3488 -96 ) (-2048 -3488 672 ) 
5 184 186 (-2048 -3648 -96 ) (-2048 -3072 -96 ) (-1024 -3072 -96 ) (-1024 -3680 -96 ) (-2016 -3680 -96 ) 
4 184 185 (-2016 -3680 -96 ) (-1024 -3680 -96 ) (-1024 -3680 672 ) (-2016 -3680 672 ) 
4 185 195 (-2048 -3680 -96 ) (-2048 -4096 -96 ) (-2048 -4096 2048 ) (-2048 -3680 2048 ) 
4 185 187 (-1024 -4096 -96 ) (-1024 -4096 2048 ) (-2048 -4096 2048 ) (-2048 -4096 -96 ) 
4 185 186 (-2048 -4096 -96 ) (-2048 -3680 -96 ) (-1024 -3680 -96 ) (-1024 -4096 -96 ) 
4 186 196 (-2048 -3072 -96 ) (-2048 -3072 -2016 ) (-2048 -4096 -2016 ) (-2048 -4096 -96 ) 
4 186 190 (-1024 -4096 -2016 ) (-1024 -4096 -192 ) (-2048 -4096 -192 ) (-2048 -4096 -2016 ) 
4 186 187 (-1024 -4096 -192 ) (-1024 -4096 -96 ) (-2048 -4096 -96 ) (-2048 -4096 -192 ) 
4 187 198 (-2048 -5024 2048 ) (-2048 -4096 2048 ) (-2048 -4096 -192 ) (-2048 -5024 -192 ) 
4 187 190 (-2048 -5024 -192 ) (-2048 -4096 -192 ) (-1024 -4096 -192 ) (-1024 -5024 -192 ) 
4 187 189 (-2048 -5024 -192 ) (-1536 -5024 -192 ) (-1536 -5024 480 ) (-2048 -5024 480 ) 
4 187 188 (-1024 -5024 480 ) (-1024 -5024 2048 ) (-2048 -5024 2048 ) (-2048 -5024 480 ) 
4 188 204 (-1024 -5120 480 ) (-1024 -5120 2048 ) (-2048 -5120 2048 ) (-2048 -5120 480 ) 
4 188 198 (-2048 -5120 480 ) (-2048 -5120 2048 ) (-2048 -5024 2048 ) (-2048 -5024 480 ) 
4 188 189 (-1440 -5120 480 ) (-2048 -5120 480 ) (-2048 -5024 480 ) (-1536 -5024 480 ) 
4 189 205 (-1440 -5120 480 ) (-2048 -5120 480 ) (-2048 -5120 -192 ) (-1440 -5120 -192 ) 
4 189 198 (-2048 -5120 -192 ) (-2048 -5120 480 ) (-2048 -5024 480 ) (-2048 -5024 -192 ) 
4 189 190 (-2048 -5120 -192 ) (-2048 -5024 -192 ) (-1536 -5024 -192 ) (-1440 -5120 -192 ) 
4 190 207 (-1024 -5120 -2016 ) (-1024 -5120 -192 ) (-2048 -5120 -192 ) (-2048 -5120 -2016 ) 
4 190 198 (-2048 -5120 -2016 ) (-2048 -5120 -192 ) (-2048 -4096 -192 ) (-2048 -4096 -2016 ) 
4 191 197 (-3072 -3072 2048 ) (-3072 -3072 -96 ) (-3072 -3488 -96 ) (-3072 -3488 2048 ) 
4 191 196 (-3072 -3488 -96 ) (-3072 -3072 -96 ) (-2048 -3072 -96 ) (-2048 -3488 -96 ) 
4 191 194 (-3072 -3488 -96 ) (-2592 -3488 -96 ) (-2592 -3488 672 ) (-3072 -3488 672 ) 
4 191 193 (-2208 -3488 -96 ) (-2048 -3488 -96 ) (-2048 -3488 672 ) (-2208 -3488 672 ) 
4 191 192 (-2048 -3488 672 ) (-2048 -3488 2048 ) (-3072 -3488 2048 ) (-3072 -3488 672 ) 
4 192 197 (-3072 -3680 672 ) (-3072 -3680 2048 ) (-3072 -3488 2048 ) (-3072 -3488 672 ) 
4 192 194 (-2784 -3680 672 ) (-3072 -3680 672 ) (-3072 -3488 672 ) (-2592 -3488 672 ) 
3 192 193 (-2208 -3488 672 ) (-2048 -3488 672 ) (-2048 -3648 672 ) 
4 192 195 (-2048 -3680 672 ) (-2048 -3680 2048 ) (-3072 -3680 2048 ) (-3072 -3680 672 ) 
3 193 196 (-2208 -3488 -96 ) (-2048 -3488 -96 ) (-2048 -3648 -96 ) 
4 194 197 (-3072 -3488 -96 ) (-3072 -3680 -96 ) (-3072 -3680 672 ) (-3072 -3488 672 ) 
4 194 196 (-3072 -3680 -96 ) (-3072 -3488 -96 ) (-2592 -3488 -96 ) (-2784 -3680 -96 ) 
4 194 195 (-3072 -3680 -96 ) (-2784 -3680 -96 ) (-2784 -3680 672 ) (-3072 -3680 672 ) 
4 195 198 (-2048 -4096 -96 ) (-2048 -4096 2048 ) (-3072 -4096 2048 ) (-3072 -4096 -96 ) 
4 195 197 (-3072 -3680 -96 ) (-3072 -4096 -96 ) (-3072 -4096 2048 ) (-3072 -3680 2048 ) 
4 195 196 (-2048 -4096 -96 ) (-3072 -4096 -96 ) (-3072 -3680 -96 ) (-2048 -3680 -96 ) 
4 196 198 (-2048 -4096 -2016 ) (-2048 -4096 -96 ) (-3072 -4096 -96 ) (-3072 -4096 -2016 ) 
4 196 197 (-3072 -3072 -96 ) (-3072 -3072 -2016 ) (-3072 -4096 -2016 ) (-3072 -4096 -96 ) 
4 197 202 (-4096 -4096 -2016 ) (-4096 -4096 2048 ) (-4096 -3072 2048 ) (-4096 -3072 -2016 ) 
4 197 199 (-3072 -4096 -2016 ) (-3072 -4096 2048 ) (-4096 -4096 2048 ) (-4096 -4096 -2016 ) 
4 198 209 (-2048 -5120 -2016 ) (-2048 -5120 2048 ) (-3072 -5120 2048 ) (-3072 -5120 -2016 ) 
4 198 199 (-3072 -4096 2048 ) (-3072 -4096 -2016 ) (-3072 -5120 -2016 ) (-3072 -5120 2048 ) 
4 199 210 (-3072 -5120 -2016 ) (-3072 -5120 2048 ) (-4096 -5120 2048 ) (-4096 -5120 -2016 ) 
4 199 203 (-4096 -5120 -2016 ) (-4096 -5120 2048 ) (-4096 -4096 2048 ) (-4096 -4096 -2016 ) 
4 200 201 (-4096 -2048 -2016 ) (-4096 -2048 2048 ) (-5120 -2048 2048 ) (-5120 -2048 -2016 ) 
4 201 202 (-4096 -3072 -2016 ) (-4096 -3072 2048 ) (-5120 -3072 2048 ) (-5120 -3072 -2016 ) 
4 202 203 (-4096 -4096 -2016 ) (-4096 -4096 2048 ) (-5120 -4096 2048 ) (-5120 -4096 -2016 ) 
4 203 216 (-4096 -5120 -2016 ) (-4096 -5120 2048 ) (-5120 -5120 2048 ) (-5120 -5120 -2016 ) 
4 204 209 (-2048 -5120 2048 ) (-2048 -5120 480 ) (-2048 -5216 480 ) (-2048 -5216 2048 ) 
4 204 205 (-1344 -5216 480 ) (-2048 -5216 480 ) (-2048 -5120 480 ) (-1440 -5120 480 ) 
4 204 206 (-1024 -5216 480 ) (-1024 -5216 2048 ) (-2048 -5216 2048 ) (-2048 -5216 480 ) 
4 205 209 (-2048 -5120 480 ) (-2048 -5120 -192 ) (-2048 -5216 -192 ) (-2048 -5216 480 ) 
4 205 207 (-2048 -5216 -192 ) (-2048 -5120 -192 ) (-1440 -5120 -192 ) (-1344 -5216 -192 ) 
4 205 206 (-2048 -5216 -192 ) (-1344 -5216 -192 ) (-1344 -5216 480 ) (-2048 -5216 480 ) 
4 206 209 (-2048 -5216 -192 ) (-2048 -6144 -192 ) (-2048 -6144 2048 ) (-2048 -5216 2048 ) 
4 206 208 (-1024 -6144 -192 ) (-1024 -6144 2048 ) (-2048 -6144 2048 ) (-2048 -6144 -192 ) 
4 206 207 (-2048 -6144 -192 ) (-2048 -5216 -192 ) (-1024 -5216 -192 ) (-1024 -6144 -192 ) 
4 207 209 (-2048 -5120 -192 ) (-2048 -5120 -2016 ) (-2048 -6144 -2016 ) (-2048 -6144 -192 ) 
4 207 208 (-1024 -6144 -2016 ) (-1024 -6144 -192 ) (-2048 -6144 -192 ) (-2048 -6144 -2016 ) 
4 208 213 (-1024 -7168 -2016 ) (-1024 -7168 2048 ) (-2048 -7168 2048 ) (-2048 -7168 -2016 ) 
4 208 211 (-2048 -7168 -2016 ) (-2048 -7168 2048 ) (-2048 -6144 2048 ) (-2048 -6144 -2016 ) 
4 209 211 (-2048 -6144 -2016 ) (-2048 -6144 2048 ) (-3072 -6144 2048 ) (-3072 -6144 -2016 ) 
4 209 210 (-3072 -5120 2048 ) (-3072 -5120 -2016 ) (-3072 -6144 -2016 ) (-3072 -6144 2048 ) 
4 210 216 (-4096 -5120 2048 ) (-4096 -5120 -2016 ) (-4096 -6144 -2016 ) (-4096 -6144 2048 ) 
4 210 212 (-3072 -6144 -2016 ) (-3072 -6144 2048 ) (-4096 -6144 2048 ) (-4096 -6144 -2016 ) 
4 211 214 (-2048 -7168 -2016 ) (-2048 -7168 2048 ) (-3072 -7168 2048 ) (-3072 -7168 -2016 ) 
4 211 212 (-3072 -6144 2048 ) (-3072 -6144 -2016 ) (-3072 -7168 -2016 ) (-3072 -7168 2048 ) 
4 212 217 (-4096 -7168 -2016 ) (-4096 -7168 2048 ) (-4096 -6144 2048 ) (-4096 -6144 -2016 ) 
4 212 215 (-3072 -7168 -2016 ) (-3072 -7168 2048 ) (-4096 -7168 2048 ) (-4096 -7168 -2016 ) 
4 213 214 (-2048 -7168 2048 ) (-2048 -7168 -2016 ) (-2048 -7280 -2016 ) (-2048 -7280 2048 ) 
4 214 215 (-3072 -7168 2048 ) (-3072 -7168 -2016 ) (-3072 -7280 -2016 ) (-3072 -7280 2048 ) 
4 215 218 (-4096 -7280 2048 ) (-4096 -7168 2048 ) (-4096 -7168 -2016 ) (-4096 -7280 -2016 ) 
4 216 217 (-4096 -6144 -2016 ) (-4096 -6144 2048 ) (-5120 -6144 2048 ) (-5120 -6144 -2016 ) 
4 217 218 (-4096 -7168 -2016 ) (-4096 -7168 2048 ) (-5120 -7168 2048 ) (-5120 -7168 -2016 ) 
